<?xml version="1.0" encoding="UTF-8"?>
<testsuite xmlns:xsi="http://www.w3.org/2001/XMLSchema-instance" xsi:noNamespaceSchemaLocation="https://maven.apache.org/surefire/maven-surefire-plugin/xsd/surefire-test-report-3.0.xsd" version="3.0" name="com.security.practice.SecurityV2JWT.SecurityV2JwtApplicationTests" time="8.602" tests="1" errors="0" skipped="0" failures="0">
  <properties>
    <property name="java.specification.version" value="17"/>
    <property name="sun.jnu.encoding" value="UTF-8"/>
    <property name="java.class.path" value="/home/usuario/Documentos/ProjectsToDeploy/SpringSecurity-JWT/SecurityV2JWT/target/test-classes:/home/usuario/Documentos/ProjectsToDeploy/SpringSecurity-JWT/SecurityV2JWT/target/classes:/root/.m2/repository/org/springframework/boot/spring-boot-starter-data-jpa/3.1.0/spring-boot-starter-data-jpa-3.1.0.jar:/root/.m2/repository/org/springframework/boot/spring-boot-starter-aop/3.1.0/spring-boot-starter-aop-3.1.0.jar:/root/.m2/repository/org/aspectj/aspectjweaver/1.9.19/aspectjweaver-1.9.19.jar:/root/.m2/repository/org/springframework/boot/spring-boot-starter-jdbc/3.1.0/spring-boot-starter-jdbc-3.1.0.jar:/root/.m2/repository/com/zaxxer/HikariCP/5.0.1/HikariCP-5.0.1.jar:/root/.m2/repository/org/springframework/spring-jdbc/6.0.9/spring-jdbc-6.0.9.jar:/root/.m2/repository/org/hibernate/orm/hibernate-core/6.2.2.Final/hibernate-core-6.2.2.Final.jar:/root/.m2/repository/jakarta/persistence/jakarta.persistence-api/3.1.0/jakarta.persistence-api-3.1.0.jar:/root/.m2/repository/jakarta/transaction/jakarta.transaction-api/2.0.1/jakarta.transaction-api-2.0.1.jar:/root/.m2/repository/org/jboss/logging/jboss-logging/3.5.0.Final/jboss-logging-3.5.0.Final.jar:/root/.m2/repository/org/hibernate/common/hibernate-commons-annotations/6.0.6.Final/hibernate-commons-annotations-6.0.6.Final.jar:/root/.m2/repository/io/smallrye/jandex/3.0.5/jandex-3.0.5.jar:/root/.m2/repository/com/fasterxml/classmate/1.5.1/classmate-1.5.1.jar:/root/.m2/repository/net/bytebuddy/byte-buddy/1.14.4/byte-buddy-1.14.4.jar:/root/.m2/repository/org/glassfish/jaxb/jaxb-runtime/4.0.2/jaxb-runtime-4.0.2.jar:/root/.m2/repository/org/glassfish/jaxb/jaxb-core/4.0.2/jaxb-core-4.0.2.jar:/root/.m2/repository/org/eclipse/angus/angus-activation/2.0.0/angus-activation-2.0.0.jar:/root/.m2/repository/org/glassfish/jaxb/txw2/4.0.2/txw2-4.0.2.jar:/root/.m2/repository/com/sun/istack/istack-commons-runtime/4.1.1/istack-commons-runtime-4.1.1.jar:/root/.m2/repository/jakarta/inject/jakarta.inject-api/2.0.1/jakarta.inject-api-2.0.1.jar:/root/.m2/repository/org/antlr/antlr4-runtime/4.10.1/antlr4-runtime-4.10.1.jar:/root/.m2/repository/org/springframework/data/spring-data-jpa/3.1.0/spring-data-jpa-3.1.0.jar:/root/.m2/repository/org/springframework/data/spring-data-commons/3.1.0/spring-data-commons-3.1.0.jar:/root/.m2/repository/org/springframework/spring-orm/6.0.9/spring-orm-6.0.9.jar:/root/.m2/repository/org/springframework/spring-context/6.0.9/spring-context-6.0.9.jar:/root/.m2/repository/org/springframework/spring-tx/6.0.9/spring-tx-6.0.9.jar:/root/.m2/repository/org/springframework/spring-beans/6.0.9/spring-beans-6.0.9.jar:/root/.m2/repository/jakarta/annotation/jakarta.annotation-api/2.1.1/jakarta.annotation-api-2.1.1.jar:/root/.m2/repository/org/slf4j/slf4j-api/2.0.7/slf4j-api-2.0.7.jar:/root/.m2/repository/org/springframework/spring-aspects/6.0.9/spring-aspects-6.0.9.jar:/root/.m2/repository/org/springframework/boot/spring-boot-starter-security/3.1.0/spring-boot-starter-security-3.1.0.jar:/root/.m2/repository/org/springframework/boot/spring-boot-starter/3.1.0/spring-boot-starter-3.1.0.jar:/root/.m2/repository/org/springframework/boot/spring-boot-starter-logging/3.1.0/spring-boot-starter-logging-3.1.0.jar:/root/.m2/repository/ch/qos/logback/logback-classic/1.4.7/logback-classic-1.4.7.jar:/root/.m2/repository/ch/qos/logback/logback-core/1.4.7/logback-core-1.4.7.jar:/root/.m2/repository/org/apache/logging/log4j/log4j-to-slf4j/2.20.0/log4j-to-slf4j-2.20.0.jar:/root/.m2/repository/org/apache/logging/log4j/log4j-api/2.20.0/log4j-api-2.20.0.jar:/root/.m2/repository/org/slf4j/jul-to-slf4j/2.0.7/jul-to-slf4j-2.0.7.jar:/root/.m2/repository/org/yaml/snakeyaml/1.33/snakeyaml-1.33.jar:/root/.m2/repository/org/springframework/spring-aop/6.0.9/spring-aop-6.0.9.jar:/root/.m2/repository/org/springframework/security/spring-security-config/6.1.0/spring-security-config-6.1.0.jar:/root/.m2/repository/org/springframework/security/spring-security-web/6.1.0/spring-security-web-6.1.0.jar:/root/.m2/repository/org/springframework/spring-expression/6.0.9/spring-expression-6.0.9.jar:/root/.m2/repository/org/springframework/boot/spring-boot-starter-web/3.1.0/spring-boot-starter-web-3.1.0.jar:/root/.m2/repository/org/springframework/boot/spring-boot-starter-json/3.1.0/spring-boot-starter-json-3.1.0.jar:/root/.m2/repository/com/fasterxml/jackson/datatype/jackson-datatype-jdk8/2.15.0/jackson-datatype-jdk8-2.15.0.jar:/root/.m2/repository/com/fasterxml/jackson/datatype/jackson-datatype-jsr310/2.15.0/jackson-datatype-jsr310-2.15.0.jar:/root/.m2/repository/com/fasterxml/jackson/module/jackson-module-parameter-names/2.15.0/jackson-module-parameter-names-2.15.0.jar:/root/.m2/repository/org/springframework/boot/spring-boot-starter-tomcat/3.1.0/spring-boot-starter-tomcat-3.1.0.jar:/root/.m2/repository/org/apache/tomcat/embed/tomcat-embed-core/10.1.8/tomcat-embed-core-10.1.8.jar:/root/.m2/repository/org/apache/tomcat/embed/tomcat-embed-el/10.1.8/tomcat-embed-el-10.1.8.jar:/root/.m2/repository/org/apache/tomcat/embed/tomcat-embed-websocket/10.1.8/tomcat-embed-websocket-10.1.8.jar:/root/.m2/repository/org/springframework/spring-web/6.0.9/spring-web-6.0.9.jar:/root/.m2/repository/io/micrometer/micrometer-observation/1.11.0/micrometer-observation-1.11.0.jar:/root/.m2/repository/io/micrometer/micrometer-commons/1.11.0/micrometer-commons-1.11.0.jar:/root/.m2/repository/org/springframework/spring-webmvc/6.0.9/spring-webmvc-6.0.9.jar:/root/.m2/repository/org/springframework/boot/spring-boot-devtools/3.1.0/spring-boot-devtools-3.1.0.jar:/root/.m2/repository/org/springframework/boot/spring-boot/3.1.0/spring-boot-3.1.0.jar:/root/.m2/repository/org/springframework/boot/spring-boot-autoconfigure/3.1.0/spring-boot-autoconfigure-3.1.0.jar:/root/.m2/repository/com/mysql/mysql-connector-j/8.0.33/mysql-connector-j-8.0.33.jar:/root/.m2/repository/org/projectlombok/lombok/1.18.26/lombok-1.18.26.jar:/root/.m2/repository/org/springframework/boot/spring-boot-starter-test/3.1.0/spring-boot-starter-test-3.1.0.jar:/root/.m2/repository/org/springframework/boot/spring-boot-test/3.1.0/spring-boot-test-3.1.0.jar:/root/.m2/repository/org/springframework/boot/spring-boot-test-autoconfigure/3.1.0/spring-boot-test-autoconfigure-3.1.0.jar:/root/.m2/repository/com/jayway/jsonpath/json-path/2.8.0/json-path-2.8.0.jar:/root/.m2/repository/jakarta/xml/bind/jakarta.xml.bind-api/4.0.0/jakarta.xml.bind-api-4.0.0.jar:/root/.m2/repository/jakarta/activation/jakarta.activation-api/2.1.2/jakarta.activation-api-2.1.2.jar:/root/.m2/repository/net/minidev/json-smart/2.4.10/json-smart-2.4.10.jar:/root/.m2/repository/net/minidev/accessors-smart/2.4.9/accessors-smart-2.4.9.jar:/root/.m2/repository/org/ow2/asm/asm/9.3/asm-9.3.jar:/root/.m2/repository/org/assertj/assertj-core/3.24.2/assertj-core-3.24.2.jar:/root/.m2/repository/org/hamcrest/hamcrest/2.2/hamcrest-2.2.jar:/root/.m2/repository/org/junit/jupiter/junit-jupiter/5.9.3/junit-jupiter-5.9.3.jar:/root/.m2/repository/org/junit/jupiter/junit-jupiter-api/5.9.3/junit-jupiter-api-5.9.3.jar:/root/.m2/repository/org/opentest4j/opentest4j/1.2.0/opentest4j-1.2.0.jar:/root/.m2/repository/org/junit/platform/junit-platform-commons/1.9.3/junit-platform-commons-1.9.3.jar:/root/.m2/repository/org/apiguardian/apiguardian-api/1.1.2/apiguardian-api-1.1.2.jar:/root/.m2/repository/org/junit/jupiter/junit-jupiter-params/5.9.3/junit-jupiter-params-5.9.3.jar:/root/.m2/repository/org/junit/jupiter/junit-jupiter-engine/5.9.3/junit-jupiter-engine-5.9.3.jar:/root/.m2/repository/org/junit/platform/junit-platform-engine/1.9.3/junit-platform-engine-1.9.3.jar:/root/.m2/repository/org/mockito/mockito-core/5.3.1/mockito-core-5.3.1.jar:/root/.m2/repository/net/bytebuddy/byte-buddy-agent/1.14.4/byte-buddy-agent-1.14.4.jar:/root/.m2/repository/org/objenesis/objenesis/3.3/objenesis-3.3.jar:/root/.m2/repository/org/mockito/mockito-junit-jupiter/5.3.1/mockito-junit-jupiter-5.3.1.jar:/root/.m2/repository/org/skyscreamer/jsonassert/1.5.1/jsonassert-1.5.1.jar:/root/.m2/repository/com/vaadin/external/google/android-json/0.0.20131108.vaadin1/android-json-0.0.20131108.vaadin1.jar:/root/.m2/repository/org/springframework/spring-core/6.0.9/spring-core-6.0.9.jar:/root/.m2/repository/org/springframework/spring-jcl/6.0.9/spring-jcl-6.0.9.jar:/root/.m2/repository/org/springframework/spring-test/6.0.9/spring-test-6.0.9.jar:/root/.m2/repository/org/xmlunit/xmlunit-core/2.9.1/xmlunit-core-2.9.1.jar:/root/.m2/repository/org/springframework/security/spring-security-test/6.1.0/spring-security-test-6.1.0.jar:/root/.m2/repository/org/springframework/security/spring-security-core/6.1.0/spring-security-core-6.1.0.jar:/root/.m2/repository/org/springframework/security/spring-security-crypto/6.1.0/spring-security-crypto-6.1.0.jar:/root/.m2/repository/io/jsonwebtoken/jjwt-api/0.11.5/jjwt-api-0.11.5.jar:/root/.m2/repository/io/jsonwebtoken/jjwt-impl/0.11.5/jjwt-impl-0.11.5.jar:/root/.m2/repository/io/jsonwebtoken/jjwt-jackson/0.11.5/jjwt-jackson-0.11.5.jar:/root/.m2/repository/com/fasterxml/jackson/core/jackson-databind/2.15.0/jackson-databind-2.15.0.jar:/root/.m2/repository/com/fasterxml/jackson/core/jackson-annotations/2.15.0/jackson-annotations-2.15.0.jar:/root/.m2/repository/com/fasterxml/jackson/core/jackson-core/2.15.0/jackson-core-2.15.0.jar:"/>
    <property name="java.vm.vendor" value="Oracle Corporation"/>
    <property name="sun.arch.data.model" value="64"/>
    <property name="java.vendor.url" value="https://java.oracle.com/"/>
    <property name="user.timezone" value="America/Bogota"/>
    <property name="org.jboss.logging.provider" value="slf4j"/>
    <property name="os.name" value="Linux"/>
    <property name="java.vm.specification.version" value="17"/>
    <property name="sun.java.launcher" value="SUN_STANDARD"/>
    <property name="user.country" value="CO"/>
    <property name="sun.boot.library.path" value="/usr/lib/jvm/java-17-oracle/lib"/>
    <property name="sun.java.command" value="/home/usuario/Documentos/ProjectsToDeploy/SpringSecurity-JWT/SecurityV2JWT/target/surefire/surefirebooter-20231223193319319_3.jar /home/usuario/Documentos/ProjectsToDeploy/SpringSecurity-JWT/SecurityV2JWT/target/surefire 2023-12-23T19-33-19_226-jvmRun1 surefire-20231223193319319_1tmp surefire_0-20231223193319319_2tmp"/>
    <property name="jdk.debug" value="release"/>
    <property name="surefire.test.class.path" value="/home/usuario/Documentos/ProjectsToDeploy/SpringSecurity-JWT/SecurityV2JWT/target/test-classes:/home/usuario/Documentos/ProjectsToDeploy/SpringSecurity-JWT/SecurityV2JWT/target/classes:/root/.m2/repository/org/springframework/boot/spring-boot-starter-data-jpa/3.1.0/spring-boot-starter-data-jpa-3.1.0.jar:/root/.m2/repository/org/springframework/boot/spring-boot-starter-aop/3.1.0/spring-boot-starter-aop-3.1.0.jar:/root/.m2/repository/org/aspectj/aspectjweaver/1.9.19/aspectjweaver-1.9.19.jar:/root/.m2/repository/org/springframework/boot/spring-boot-starter-jdbc/3.1.0/spring-boot-starter-jdbc-3.1.0.jar:/root/.m2/repository/com/zaxxer/HikariCP/5.0.1/HikariCP-5.0.1.jar:/root/.m2/repository/org/springframework/spring-jdbc/6.0.9/spring-jdbc-6.0.9.jar:/root/.m2/repository/org/hibernate/orm/hibernate-core/6.2.2.Final/hibernate-core-6.2.2.Final.jar:/root/.m2/repository/jakarta/persistence/jakarta.persistence-api/3.1.0/jakarta.persistence-api-3.1.0.jar:/root/.m2/repository/jakarta/transaction/jakarta.transaction-api/2.0.1/jakarta.transaction-api-2.0.1.jar:/root/.m2/repository/org/jboss/logging/jboss-logging/3.5.0.Final/jboss-logging-3.5.0.Final.jar:/root/.m2/repository/org/hibernate/common/hibernate-commons-annotations/6.0.6.Final/hibernate-commons-annotations-6.0.6.Final.jar:/root/.m2/repository/io/smallrye/jandex/3.0.5/jandex-3.0.5.jar:/root/.m2/repository/com/fasterxml/classmate/1.5.1/classmate-1.5.1.jar:/root/.m2/repository/net/bytebuddy/byte-buddy/1.14.4/byte-buddy-1.14.4.jar:/root/.m2/repository/org/glassfish/jaxb/jaxb-runtime/4.0.2/jaxb-runtime-4.0.2.jar:/root/.m2/repository/org/glassfish/jaxb/jaxb-core/4.0.2/jaxb-core-4.0.2.jar:/root/.m2/repository/org/eclipse/angus/angus-activation/2.0.0/angus-activation-2.0.0.jar:/root/.m2/repository/org/glassfish/jaxb/txw2/4.0.2/txw2-4.0.2.jar:/root/.m2/repository/com/sun/istack/istack-commons-runtime/4.1.1/istack-commons-runtime-4.1.1.jar:/root/.m2/repository/jakarta/inject/jakarta.inject-api/2.0.1/jakarta.inject-api-2.0.1.jar:/root/.m2/repository/org/antlr/antlr4-runtime/4.10.1/antlr4-runtime-4.10.1.jar:/root/.m2/repository/org/springframework/data/spring-data-jpa/3.1.0/spring-data-jpa-3.1.0.jar:/root/.m2/repository/org/springframework/data/spring-data-commons/3.1.0/spring-data-commons-3.1.0.jar:/root/.m2/repository/org/springframework/spring-orm/6.0.9/spring-orm-6.0.9.jar:/root/.m2/repository/org/springframework/spring-context/6.0.9/spring-context-6.0.9.jar:/root/.m2/repository/org/springframework/spring-tx/6.0.9/spring-tx-6.0.9.jar:/root/.m2/repository/org/springframework/spring-beans/6.0.9/spring-beans-6.0.9.jar:/root/.m2/repository/jakarta/annotation/jakarta.annotation-api/2.1.1/jakarta.annotation-api-2.1.1.jar:/root/.m2/repository/org/slf4j/slf4j-api/2.0.7/slf4j-api-2.0.7.jar:/root/.m2/repository/org/springframework/spring-aspects/6.0.9/spring-aspects-6.0.9.jar:/root/.m2/repository/org/springframework/boot/spring-boot-starter-security/3.1.0/spring-boot-starter-security-3.1.0.jar:/root/.m2/repository/org/springframework/boot/spring-boot-starter/3.1.0/spring-boot-starter-3.1.0.jar:/root/.m2/repository/org/springframework/boot/spring-boot-starter-logging/3.1.0/spring-boot-starter-logging-3.1.0.jar:/root/.m2/repository/ch/qos/logback/logback-classic/1.4.7/logback-classic-1.4.7.jar:/root/.m2/repository/ch/qos/logback/logback-core/1.4.7/logback-core-1.4.7.jar:/root/.m2/repository/org/apache/logging/log4j/log4j-to-slf4j/2.20.0/log4j-to-slf4j-2.20.0.jar:/root/.m2/repository/org/apache/logging/log4j/log4j-api/2.20.0/log4j-api-2.20.0.jar:/root/.m2/repository/org/slf4j/jul-to-slf4j/2.0.7/jul-to-slf4j-2.0.7.jar:/root/.m2/repository/org/yaml/snakeyaml/1.33/snakeyaml-1.33.jar:/root/.m2/repository/org/springframework/spring-aop/6.0.9/spring-aop-6.0.9.jar:/root/.m2/repository/org/springframework/security/spring-security-config/6.1.0/spring-security-config-6.1.0.jar:/root/.m2/repository/org/springframework/security/spring-security-web/6.1.0/spring-security-web-6.1.0.jar:/root/.m2/repository/org/springframework/spring-expression/6.0.9/spring-expression-6.0.9.jar:/root/.m2/repository/org/springframework/boot/spring-boot-starter-web/3.1.0/spring-boot-starter-web-3.1.0.jar:/root/.m2/repository/org/springframework/boot/spring-boot-starter-json/3.1.0/spring-boot-starter-json-3.1.0.jar:/root/.m2/repository/com/fasterxml/jackson/datatype/jackson-datatype-jdk8/2.15.0/jackson-datatype-jdk8-2.15.0.jar:/root/.m2/repository/com/fasterxml/jackson/datatype/jackson-datatype-jsr310/2.15.0/jackson-datatype-jsr310-2.15.0.jar:/root/.m2/repository/com/fasterxml/jackson/module/jackson-module-parameter-names/2.15.0/jackson-module-parameter-names-2.15.0.jar:/root/.m2/repository/org/springframework/boot/spring-boot-starter-tomcat/3.1.0/spring-boot-starter-tomcat-3.1.0.jar:/root/.m2/repository/org/apache/tomcat/embed/tomcat-embed-core/10.1.8/tomcat-embed-core-10.1.8.jar:/root/.m2/repository/org/apache/tomcat/embed/tomcat-embed-el/10.1.8/tomcat-embed-el-10.1.8.jar:/root/.m2/repository/org/apache/tomcat/embed/tomcat-embed-websocket/10.1.8/tomcat-embed-websocket-10.1.8.jar:/root/.m2/repository/org/springframework/spring-web/6.0.9/spring-web-6.0.9.jar:/root/.m2/repository/io/micrometer/micrometer-observation/1.11.0/micrometer-observation-1.11.0.jar:/root/.m2/repository/io/micrometer/micrometer-commons/1.11.0/micrometer-commons-1.11.0.jar:/root/.m2/repository/org/springframework/spring-webmvc/6.0.9/spring-webmvc-6.0.9.jar:/root/.m2/repository/org/springframework/boot/spring-boot-devtools/3.1.0/spring-boot-devtools-3.1.0.jar:/root/.m2/repository/org/springframework/boot/spring-boot/3.1.0/spring-boot-3.1.0.jar:/root/.m2/repository/org/springframework/boot/spring-boot-autoconfigure/3.1.0/spring-boot-autoconfigure-3.1.0.jar:/root/.m2/repository/com/mysql/mysql-connector-j/8.0.33/mysql-connector-j-8.0.33.jar:/root/.m2/repository/org/projectlombok/lombok/1.18.26/lombok-1.18.26.jar:/root/.m2/repository/org/springframework/boot/spring-boot-starter-test/3.1.0/spring-boot-starter-test-3.1.0.jar:/root/.m2/repository/org/springframework/boot/spring-boot-test/3.1.0/spring-boot-test-3.1.0.jar:/root/.m2/repository/org/springframework/boot/spring-boot-test-autoconfigure/3.1.0/spring-boot-test-autoconfigure-3.1.0.jar:/root/.m2/repository/com/jayway/jsonpath/json-path/2.8.0/json-path-2.8.0.jar:/root/.m2/repository/jakarta/xml/bind/jakarta.xml.bind-api/4.0.0/jakarta.xml.bind-api-4.0.0.jar:/root/.m2/repository/jakarta/activation/jakarta.activation-api/2.1.2/jakarta.activation-api-2.1.2.jar:/root/.m2/repository/net/minidev/json-smart/2.4.10/json-smart-2.4.10.jar:/root/.m2/repository/net/minidev/accessors-smart/2.4.9/accessors-smart-2.4.9.jar:/root/.m2/repository/org/ow2/asm/asm/9.3/asm-9.3.jar:/root/.m2/repository/org/assertj/assertj-core/3.24.2/assertj-core-3.24.2.jar:/root/.m2/repository/org/hamcrest/hamcrest/2.2/hamcrest-2.2.jar:/root/.m2/repository/org/junit/jupiter/junit-jupiter/5.9.3/junit-jupiter-5.9.3.jar:/root/.m2/repository/org/junit/jupiter/junit-jupiter-api/5.9.3/junit-jupiter-api-5.9.3.jar:/root/.m2/repository/org/opentest4j/opentest4j/1.2.0/opentest4j-1.2.0.jar:/root/.m2/repository/org/junit/platform/junit-platform-commons/1.9.3/junit-platform-commons-1.9.3.jar:/root/.m2/repository/org/apiguardian/apiguardian-api/1.1.2/apiguardian-api-1.1.2.jar:/root/.m2/repository/org/junit/jupiter/junit-jupiter-params/5.9.3/junit-jupiter-params-5.9.3.jar:/root/.m2/repository/org/junit/jupiter/junit-jupiter-engine/5.9.3/junit-jupiter-engine-5.9.3.jar:/root/.m2/repository/org/junit/platform/junit-platform-engine/1.9.3/junit-platform-engine-1.9.3.jar:/root/.m2/repository/org/mockito/mockito-core/5.3.1/mockito-core-5.3.1.jar:/root/.m2/repository/net/bytebuddy/byte-buddy-agent/1.14.4/byte-buddy-agent-1.14.4.jar:/root/.m2/repository/org/objenesis/objenesis/3.3/objenesis-3.3.jar:/root/.m2/repository/org/mockito/mockito-junit-jupiter/5.3.1/mockito-junit-jupiter-5.3.1.jar:/root/.m2/repository/org/skyscreamer/jsonassert/1.5.1/jsonassert-1.5.1.jar:/root/.m2/repository/com/vaadin/external/google/android-json/0.0.20131108.vaadin1/android-json-0.0.20131108.vaadin1.jar:/root/.m2/repository/org/springframework/spring-core/6.0.9/spring-core-6.0.9.jar:/root/.m2/repository/org/springframework/spring-jcl/6.0.9/spring-jcl-6.0.9.jar:/root/.m2/repository/org/springframework/spring-test/6.0.9/spring-test-6.0.9.jar:/root/.m2/repository/org/xmlunit/xmlunit-core/2.9.1/xmlunit-core-2.9.1.jar:/root/.m2/repository/org/springframework/security/spring-security-test/6.1.0/spring-security-test-6.1.0.jar:/root/.m2/repository/org/springframework/security/spring-security-core/6.1.0/spring-security-core-6.1.0.jar:/root/.m2/repository/org/springframework/security/spring-security-crypto/6.1.0/spring-security-crypto-6.1.0.jar:/root/.m2/repository/io/jsonwebtoken/jjwt-api/0.11.5/jjwt-api-0.11.5.jar:/root/.m2/repository/io/jsonwebtoken/jjwt-impl/0.11.5/jjwt-impl-0.11.5.jar:/root/.m2/repository/io/jsonwebtoken/jjwt-jackson/0.11.5/jjwt-jackson-0.11.5.jar:/root/.m2/repository/com/fasterxml/jackson/core/jackson-databind/2.15.0/jackson-databind-2.15.0.jar:/root/.m2/repository/com/fasterxml/jackson/core/jackson-annotations/2.15.0/jackson-annotations-2.15.0.jar:/root/.m2/repository/com/fasterxml/jackson/core/jackson-core/2.15.0/jackson-core-2.15.0.jar:"/>
    <property name="sun.cpu.endian" value="little"/>
    <property name="user.home" value="/root"/>
    <property name="user.language" value="es"/>
    <property name="java.specification.vendor" value="Oracle Corporation"/>
    <property name="LOG_DATEFORMAT_PATTERN" value="hh:mm:ss"/>
    <property name="java.version.date" value="2023-01-17"/>
    <property name="java.home" value="/usr/lib/jvm/java-17-oracle"/>
    <property name="file.separator" value="/"/>
    <property name="basedir" value="/home/usuario/Documentos/ProjectsToDeploy/SpringSecurity-JWT/SecurityV2JWT"/>
    <property name="java.vm.compressedOopsMode" value="Zero based"/>
    <property name="line.separator" value="&#10;"/>
    <property name="java.specification.name" value="Java Platform API Specification"/>
    <property name="java.vm.specification.vendor" value="Oracle Corporation"/>
    <property name="FILE_LOG_CHARSET" value="UTF-8"/>
    <property name="java.awt.headless" value="true"/>
    <property name="surefire.real.class.path" value="/home/usuario/Documentos/ProjectsToDeploy/SpringSecurity-JWT/SecurityV2JWT/target/surefire/surefirebooter-20231223193319319_3.jar"/>
    <property name="sun.management.compiler" value="HotSpot 64-Bit Tiered Compilers"/>
    <property name="java.runtime.version" value="17.0.6+9-LTS-190"/>
    <property name="user.name" value="root"/>
    <property name="path.separator" value=":"/>
    <property name="os.version" value="6.2.0-37-generic"/>
    <property name="java.runtime.name" value="Java(TM) SE Runtime Environment"/>
    <property name="file.encoding" value="UTF-8"/>
    <property name="java.vm.name" value="Java HotSpot(TM) 64-Bit Server VM"/>
    <property name="maven.ext.class.path" value="/usr/lib/apache-netbeans/java/maven-nblib/netbeans-eventspy.jar"/>
    <property name="localRepository" value="/root/.m2/repository"/>
    <property name="java.vendor.url.bug" value="https://bugreport.java.com/bugreport/"/>
    <property name="java.io.tmpdir" value="/tmp"/>
    <property name="com.zaxxer.hikari.pool_number" value="1"/>
    <property name="java.version" value="17.0.6"/>
    <property name="user.dir" value="/home/usuario/Documentos/ProjectsToDeploy/SpringSecurity-JWT/SecurityV2JWT"/>
    <property name="os.arch" value="amd64"/>
    <property name="java.vm.specification.name" value="Java Virtual Machine Specification"/>
    <property name="PID" value="59889"/>
    <property name="CONSOLE_LOG_CHARSET" value="UTF-8"/>
    <property name="native.encoding" value="UTF-8"/>
    <property name="java.library.path" value="/usr/java/packages/lib:/usr/lib64:/lib64:/lib:/usr/lib"/>
    <property name="java.vm.info" value="mixed mode, sharing"/>
    <property name="java.vendor" value="Oracle Corporation"/>
    <property name="java.vm.version" value="17.0.6+9-LTS-190"/>
    <property name="sun.io.unicode.encoding" value="UnicodeLittle"/>
    <property name="java.class.version" value="61.0"/>
  </properties>
  <testcase name="contextLoads" classname="com.security.practice.SecurityV2JWT.SecurityV2JwtApplicationTests" time="0.606">
    <system-out><![CDATA[19:33:20.169 [main] INFO org.springframework.test.context.support.AnnotationConfigContextLoaderUtils -- Could not detect default configuration classes for test class [com.security.practice.SecurityV2JWT.SecurityV2JwtApplicationTests]: SecurityV2JwtApplicationTests does not declare any static, non-private, non-final, nested classes annotated with @Configuration.
19:33:20.280 [main] INFO org.springframework.boot.test.context.SpringBootTestContextBootstrapper -- Found @SpringBootConfiguration com.security.practice.SecurityV2JWT.SecurityV2JwtApplication for test class com.security.practice.SecurityV2JWT.SecurityV2JwtApplicationTests
07:33:20  INFO 59889 --- [           main] c.s.p.S.SecurityV2JwtApplicationTests    : Starting SecurityV2JwtApplicationTests using Java 17.0.6 with PID 59889 (started by root in /home/usuario/Documentos/ProjectsToDeploy/SpringSecurity-JWT/SecurityV2JWT)
07:33:20  INFO 59889 --- [           main] c.s.p.S.SecurityV2JwtApplicationTests    : No active profile set, falling back to 1 default profile: "default"
07:33:21  INFO 59889 --- [           main] .s.d.r.c.RepositoryConfigurationDelegate : Bootstrapping Spring Data JPA repositories in DEFAULT mode.
07:33:21  INFO 59889 --- [           main] .s.d.r.c.RepositoryConfigurationDelegate : Finished Spring Data repository scanning in 49 ms. Found 1 JPA repository interfaces.
07:33:21  INFO 59889 --- [           main] o.hibernate.jpa.internal.util.LogHelper  : HHH000204: Processing PersistenceUnitInfo [name: default]
07:33:22  INFO 59889 --- [           main] org.hibernate.Version                    : HHH000412: Hibernate ORM core version 6.2.2.Final
07:33:22  INFO 59889 --- [           main] org.hibernate.cfg.Environment            : HHH000406: Using bytecode reflection optimizer
07:33:22  INFO 59889 --- [           main] o.h.b.i.BytecodeProviderInitiator        : HHH000021: Bytecode provider name : bytebuddy
07:33:22  INFO 59889 --- [           main] o.s.o.j.p.SpringPersistenceUnitInfo      : No LoadTimeWeaver setup: ignoring JPA class transformer
07:33:22  INFO 59889 --- [           main] com.zaxxer.hikari.HikariDataSource       : HikariPool-1 - Starting...
07:33:24  INFO 59889 --- [           main] com.zaxxer.hikari.pool.HikariPool        : HikariPool-1 - Added connection com.mysql.cj.jdbc.ConnectionImpl@7b91d9f
07:33:24  INFO 59889 --- [           main] com.zaxxer.hikari.HikariDataSource       : HikariPool-1 - Start completed.
07:33:25  INFO 59889 --- [           main] org.hibernate.orm.dialect                : HHH035001: Using dialect: org.hibernate.dialect.MySQL8Dialect, version: 8.0
07:33:25  WARN 59889 --- [           main] org.hibernate.orm.deprecation            : HHH90000026: MySQL8Dialect has been deprecated; use org.hibernate.dialect.MySQLDialect instead
07:33:25  INFO 59889 --- [           main] o.h.b.i.BytecodeProviderInitiator        : HHH000021: Bytecode provider name : bytebuddy
07:33:25  INFO 59889 --- [           main] o.h.e.t.j.p.i.JtaPlatformInitiator       : HHH000490: Using JtaPlatform implementation: [org.hibernate.engine.transaction.jta.platform.internal.NoJtaPlatform]
07:33:26 DEBUG 59889 --- [           main] org.hibernate.SQL                        : 
    alter table user 
       modify column role  enum ('ADMIN','USER')
07:33:26  INFO 59889 --- [           main] j.LocalContainerEntityManagerFactoryBean : Initialized JPA EntityManagerFactory for persistence unit 'default'
07:33:27  WARN 59889 --- [           main] JpaBaseConfiguration$JpaWebConfiguration : spring.jpa.open-in-view is enabled by default. Therefore, database queries may be performed during view rendering. Explicitly configure spring.jpa.open-in-view to disable this warning
07:33:27  INFO 59889 --- [           main] o.s.s.web.DefaultSecurityFilterChain     : Will secure any request with [org.springframework.security.web.session.DisableEncodeUrlFilter@7f09ff10, org.springframework.security.web.context.request.async.WebAsyncManagerIntegrationFilter@531b1778, org.springframework.security.web.context.SecurityContextHolderFilter@4004bfba, org.springframework.security.web.header.HeaderWriterFilter@27c827ec, org.springframework.security.web.authentication.logout.LogoutFilter@7cb38a6a, com.security.practice.SecurityV2JWT.Jwt.JwtAuthenticationFilter@bd09a26, org.springframework.security.web.savedrequest.RequestCacheAwareFilter@3599b18, org.springframework.security.web.servletapi.SecurityContextHolderAwareRequestFilter@7f6a6d46, org.springframework.security.web.authentication.AnonymousAuthenticationFilter@ecfff32, org.springframework.security.web.session.SessionManagementFilter@317fa5dd, org.springframework.security.web.access.ExceptionTranslationFilter@68b3de47, org.springframework.security.web.access.intercept.AuthorizationFilter@a74c940]
07:33:27  INFO 59889 --- [           main] c.s.p.S.SecurityV2JwtApplicationTests    : Started SecurityV2JwtApplicationTests in 7.53 seconds (process running for 8.555)
]]></system-out>
  </testcase>
</testsuite>